0 info it worked if it ends with ok
1 verbose cli [ 'C:\\Program Files\\nodejs\\\\node.exe',
1 verbose cli   'C:\\Program Files\\nodejs\\node_modules\\npm\\bin\\npm-cli.js',
1 verbose cli   'run',
1 verbose cli   'watch' ]
2 info using npm@2.10.1
3 info using node@v0.12.4
4 verbose run-script [ 'prewatch', 'watch', 'postwatch' ]
5 info prewatch TangHao@0.0.1
6 info watch TangHao@0.0.1
7 verbose unsafe-perm in lifecycle true
8 info TangHao@0.0.1 Failed to exec watch script
9 verbose stack Error: TangHao@0.0.1 watch: `webpack-dev-server --hot --progress --color`
9 verbose stack Exit status 1
9 verbose stack     at EventEmitter.<anonymous> (C:\Program Files\nodejs\node_modules\npm\lib\utils\lifecycle.js:213:16)
9 verbose stack     at EventEmitter.emit (events.js:110:17)
9 verbose stack     at ChildProcess.<anonymous> (C:\Program Files\nodejs\node_modules\npm\lib\utils\spawn.js:24:14)
9 verbose stack     at ChildProcess.emit (events.js:110:17)
9 verbose stack     at maybeClose (child_process.js:1015:16)
9 verbose stack     at Process.ChildProcess._handle.onexit (child_process.js:1087:5)
10 verbose pkgid TangHao@0.0.1
11 verbose cwd F:\project\TangHao1987.github.io
12 error Windows_NT 6.1.7601
13 error argv "C:\\Program Files\\nodejs\\\\node.exe" "C:\\Program Files\\nodejs\\node_modules\\npm\\bin\\npm-cli.js" "run" "watch"
14 error node v0.12.4
15 error npm  v2.10.1
16 error code ELIFECYCLE
17 error TangHao@0.0.1 watch: `webpack-dev-server --hot --progress --color`
17 error Exit status 1
18 error Failed at the TangHao@0.0.1 watch script 'webpack-dev-server --hot --progress --color'.
18 error This is most likely a problem with the TangHao package,
18 error not with npm itself.
18 error Tell the author that this fails on your system:
18 error     webpack-dev-server --hot --progress --color
18 error You can get their info via:
18 error     npm owner ls TangHao
18 error There is likely additional logging output above.
19 verbose exit [ 1, true ]
